Device: cuda
GPU: NVIDIA GeForce RTX 3060 Ti
Dataset Root: C:/output

[+] INICIANDO ENTRENAMIENTO HÍBRIDO (VOLUMÉTRICO)


[Dataset Supervised Volumétrico] Rango: 001-074 (74 sujetos)
Ángulos: ['000', '018', '036', '054', '072', '090', '108', '126', '144', '162', '180']
  Secuencias Totales de P(Id) disponibles: 8067, Clases Aprobadas: 74

[Dataset Supervised Volumétrico] Rango: 065-074 (10 sujetos)
Ángulos: ['000', '018', '036', '054', '072', '090', '108', '126', '144', '162', '180']
  Secuencias Totales de P(Id) disponibles: 1078, Clases Aprobadas: 10

Clases (P limitadas por Set) en train: 74

[OK] EXITO: Pesos SUPERVISADOS (Fase 2) inyectados en el Hibrido.
    El modelo arranca heredando el conocimiento Clasificador + SSL previo.
[*] Pérdida métrica configurada: Triplet Loss (margin=0.3)

--- COMENZANDO CICLO DE ENTRENAMIENTO (OPEN-SET ACTIVADO) ---
Epoch  1/40 | L_CE: 0.035 | L_Trip: 0.062 | Hard Triplets: 17.9% | Time: 150.5s
Epoch  2/40 | L_CE: 0.027 | L_Trip: 0.054 | Hard Triplets: 14.3% | Time: 148.5s
Epoch  3/40 | L_CE: 0.020 | L_Trip: 0.050 | Hard Triplets: 12.0% | Time: 140.8s
Epoch  4/40 | L_CE: 0.016 | L_Trip: 0.045 | Hard Triplets: 9.9% | Time: 143.3s
Epoch  5/40 | L_CE: 0.015 | L_Trip: 0.038 | Hard Triplets: 8.7% | Time: 139.2s
  -> Mini-Val Signal | Rank-1: 100.0% | mAP: 100.0%
Epoch  6/40 | L_CE: 0.012 | L_Trip: 0.036 | Hard Triplets: 7.8% | Time: 141.1s
Epoch  7/40 | L_CE: 0.011 | L_Trip: 0.039 | Hard Triplets: 7.1% | Time: 138.6s
Epoch  8/40 | L_CE: 0.010 | L_Trip: 0.034 | Hard Triplets: 5.9% | Time: 150.1s
Epoch  9/40 | L_CE: 0.010 | L_Trip: 0.028 | Hard Triplets: 4.7% | Time: 143.1s
Epoch 10/40 | L_CE: 0.009 | L_Trip: 0.027 | Hard Triplets: 4.9% | Time: 140.1s
  -> Mini-Val Signal | Rank-1: 100.0% | mAP: 100.0%
Epoch 11/40 | L_CE: 0.007 | L_Trip: 0.030 | Hard Triplets: 4.7% | Time: 144.9s
Epoch 12/40 | L_CE: 0.009 | L_Trip: 0.023 | Hard Triplets: 4.2% | Time: 153.2s
Epoch 13/40 | L_CE: 0.006 | L_Trip: 0.024 | Hard Triplets: 3.7% | Time: 151.3s
Epoch 14/40 | L_CE: 0.008 | L_Trip: 0.023 | Hard Triplets: 3.8% | Time: 136.7s
Epoch 15/40 | L_CE: 0.006 | L_Trip: 0.018 | Hard Triplets: 3.2% | Time: 147.5s
  -> Mini-Val Signal | Rank-1: 100.0% | mAP: 100.0%
Epoch 16/40 | L_CE: 0.006 | L_Trip: 0.017 | Hard Triplets: 2.7% | Time: 146.5s
Epoch 17/40 | L_CE: 0.005 | L_Trip: 0.020 | Hard Triplets: 3.3% | Time: 145.6s
Epoch 18/40 | L_CE: 0.005 | L_Trip: 0.018 | Hard Triplets: 2.8% | Time: 147.8s
Epoch 19/40 | L_CE: 0.005 | L_Trip: 0.020 | Hard Triplets: 2.8% | Time: 145.3s
Epoch 20/40 | L_CE: 0.005 | L_Trip: 0.017 | Hard Triplets: 2.5% | Time: 147.0s
  -> Mini-Val Signal | Rank-1: 100.0% | mAP: 100.0%
Epoch 21/40 | L_CE: 0.004 | L_Trip: 0.015 | Hard Triplets: 2.1% | Time: 144.1s
Epoch 22/40 | L_CE: 0.006 | L_Trip: 0.013 | Hard Triplets: 2.0% | Time: 140.4s
Epoch 23/40 | L_CE: 0.004 | L_Trip: 0.015 | Hard Triplets: 2.3% | Time: 137.3s
Epoch 24/40 | L_CE: 0.005 | L_Trip: 0.014 | Hard Triplets: 1.9% | Time: 134.2s
Epoch 25/40 | L_CE: 0.005 | L_Trip: 0.012 | Hard Triplets: 1.9% | Time: 134.0s
  -> Mini-Val Signal | Rank-1: 100.0% | mAP: 100.0%
Epoch 26/40 | L_CE: 0.004 | L_Trip: 0.018 | Hard Triplets: 2.3% | Time: 146.5s
Epoch 27/40 | L_CE: 0.004 | L_Trip: 0.014 | Hard Triplets: 1.9% | Time: 137.1s
Epoch 28/40 | L_CE: 0.003 | L_Trip: 0.009 | Hard Triplets: 1.5% | Time: 143.9s
Epoch 29/40 | L_CE: 0.004 | L_Trip: 0.015 | Hard Triplets: 1.7% | Time: 147.9s
Epoch 30/40 | L_CE: 0.004 | L_Trip: 0.014 | Hard Triplets: 1.7% | Time: 134.1s
  -> Mini-Val Signal | Rank-1: 100.0% | mAP: 100.0%
Epoch 31/40 | L_CE: 0.006 | L_Trip: 0.013 | Hard Triplets: 1.7% | Time: 134.5s
Epoch 32/40 | L_CE: 0.004 | L_Trip: 0.011 | Hard Triplets: 1.3% | Time: 136.6s
Epoch 33/40 | L_CE: 0.004 | L_Trip: 0.010 | Hard Triplets: 1.4% | Time: 148.5s
Epoch 34/40 | L_CE: 0.003 | L_Trip: 0.006 | Hard Triplets: 0.9% | Time: 137.0s
Epoch 35/40 | L_CE: 0.003 | L_Trip: 0.006 | Hard Triplets: 1.0% | Time: 133.4s
  -> Mini-Val Signal | Rank-1: 100.0% | mAP: 100.0%
Epoch 36/40 | L_CE: 0.005 | L_Trip: 0.010 | Hard Triplets: 1.3% | Time: 132.7s
Epoch 37/40 | L_CE: 0.003 | L_Trip: 0.010 | Hard Triplets: 1.3% | Time: 135.7s
Epoch 38/40 | L_CE: 0.004 | L_Trip: 0.009 | Hard Triplets: 1.4% | Time: 146.7s
Epoch 39/40 | L_CE: 0.004 | L_Trip: 0.010 | Hard Triplets: 1.1% | Time: 135.0s
Epoch 40/40 | L_CE: 0.003 | L_Trip: 0.010 | Hard Triplets: 1.1% | Time: 141.8s
  -> Mini-Val Signal | Rank-1: 100.0% | mAP: 100.0%

[+] ENTRENAMIENTO HÍBRIDO PRO FINALIZADO. Mejor mAP en Seńal Temprana: 100.00%
Device: cuda
GPU: NVIDIA GeForce RTX 3060 Ti
Dataset Root: C:/output

============================================================
 INICIANDO EVALUACIÓN EXHAUSTIVA CASIA-B - FASE: HYBRID
============================================================
[OK] Modelo Hibrido cargado desde: models/hybrid_model_final_PRO.pth

[+] Preparando Dataset de Prueba (Open-Set Retrieval: 50 Sujetos No Vistos)

[Dataset Supervised Volumétrico] Rango: 075-124 (50 sujetos)
Ángulos: ['000', '018', '036', '054', '072', '090', '108', '126', '144', '162', '180']
  Secuencias Totales de P(Id) disponibles: 5461, Clases Aprobadas: 50
[*] Iniciando Extracción de Vectores Biométicos...
  Procesando Batch 10/171...
  Procesando Batch 20/171...
  Procesando Batch 30/171...
  Procesando Batch 40/171...
  Procesando Batch 50/171...
  Procesando Batch 60/171...
  Procesando Batch 70/171...
  Procesando Batch 80/171...
  Procesando Batch 90/171...
  Procesando Batch 100/171...
  Procesando Batch 110/171...
  Procesando Batch 120/171...
  Procesando Batch 130/171...
  Procesando Batch 140/171...
  Procesando Batch 150/171...
  Procesando Batch 160/171...
  Procesando Batch 170/171...
[OK] Extracción completada en 117.5s. Total Muestras: 5461

[*] Fragmentando Espacio Latente en Gallery / Queries...
  Total Gallery: 2166 muestras.

================================================================================
 MATRIZ DE DEGRADACION ANGULAR (RANK-1 %)
================================================================================

--- Prueba: NM (Normal Walking) (1100 Probes) ---
> Promedio Condición | Rank-1: 99.2% | Rank-5: 99.8% | Rank-10: 99.8% | mAP: 66.3%
000°: 99.0% | 018°: 100.0% | 036°: 98.0% | 054°: 99.0% | 072°: 100.0% | 090°: 99.0% | 108°: 98.0% | 126°: 100.0% | 144°: 98.0% | 162°: 100.0% | 180°: 100.0%

  [Análisis de Fallos Clínicos - Las 5 peores inferencias MinP]
   -> Probe: Sujeto 093, nm-06, Ángulo 090 | Precisión lograda: 8.5%
   -> Probe: Sujeto 120, nm-06, Ángulo 108 | Precisión lograda: 11.1%
   -> Probe: Sujeto 112, nm-05, Ángulo 018 | Precisión lograda: 11.4%
   -> Probe: Sujeto 088, nm-06, Ángulo 018 | Precisión lograda: 11.5%
   -> Probe: Sujeto 075, nm-06, Ángulo 144 | Precisión lograda: 12.8%

--- Prueba: BG (Bag Oclusion) (1095 Probes) ---
> Promedio Condición | Rank-1: 76.3% | Rank-5: 84.7% | Rank-10: 88.1% | mAP: 48.3%
000°: 78.0% | 018°: 78.8% | 036°: 79.8% | 054°: 85.7% | 072°: 64.0% | 090°: 64.0% | 108°: 68.0% | 126°: 80.0% | 144°: 79.0% | 162°: 83.8% | 180°: 79.0%

  [Análisis de Fallos Clínicos - Las 5 peores inferencias MinP]
   -> Probe: Sujeto 111, bg-01, Ángulo 090 | Precisión lograda: 1.3%
   -> Probe: Sujeto 111, bg-02, Ángulo 090 | Precisión lograda: 1.4%
   -> Probe: Sujeto 109, bg-02, Ángulo 180 | Precisión lograda: 1.5%
   -> Probe: Sujeto 113, bg-02, Ángulo 090 | Precisión lograda: 1.6%
   -> Probe: Sujeto 098, bg-02, Ángulo 180 | Precisión lograda: 1.6%

--- Prueba: CL (Coat Appearance) (1100 Probes) ---
> Promedio Condición | Rank-1: 45.5% | Rank-5: 59.8% | Rank-10: 67.9% | mAP: 31.7%
000°: 31.0% | 018°: 33.0% | 036°: 47.0% | 054°: 58.0% | 072°: 65.0% | 090°: 56.0% | 108°: 55.0% | 126°: 48.0% | 144°: 45.0% | 162°: 34.0% | 180°: 29.0%

  [Análisis de Fallos Clínicos - Las 5 peores inferencias MinP]
   -> Probe: Sujeto 109, cl-01, Ángulo 180 | Precisión lograda: 0.7%
   -> Probe: Sujeto 109, cl-02, Ángulo 180 | Precisión lograda: 0.8%
   -> Probe: Sujeto 109, cl-01, Ángulo 000 | Precisión lograda: 0.8%
   -> Probe: Sujeto 109, cl-02, Ángulo 162 | Precisión lograda: 1.1%
   -> Probe: Sujeto 109, cl-02, Ángulo 000 | Precisión lograda: 1.2%

============================================================
 VEREDICTO FINAL DE TOPOLOGIA VOLUMETRICA
============================================================
Baseline Temporal (Antiguo): mAP 29.23%
Modelo Volumétrico Actual:   mAP 48.74%

[OK] CRECIMIENTO ESTADISTICO CONFIRMADO.
La transición a Tensión Temporal [T, C, H, W] y Dual Pooling superó exitosamente
las deficiencias del ResNet-18 estático. La tesis es matemáticamente sólida.
Device: cuda
GPU: NVIDIA GeForce RTX 3060 Ti
Dataset Root: C:/output

============================================================
 INICIANDO EVALUACIÓN EXHAUSTIVA CASIA-B - FASE: HYBRID
============================================================
[OK] Modelo Hibrido cargado desde: models/hybrid_model_final_PRO.pth

[+] Preparando Dataset de Prueba (Open-Set Retrieval: 50 Sujetos No Vistos)

[Dataset Supervised Volumétrico] Rango: 075-124 (50 sujetos)
Ángulos: ['000', '018', '036', '054', '072', '090', '108', '126', '144', '162', '180']
  Secuencias Totales de P(Id) disponibles: 5461, Clases Aprobadas: 50
[*] Iniciando Extracción de Vectores Biométicos...
  Procesando Batch 10/171...
  Procesando Batch 20/171...
  Procesando Batch 30/171...
  Procesando Batch 40/171...
  Procesando Batch 50/171...
  Procesando Batch 60/171...
  Procesando Batch 70/171...
  Procesando Batch 80/171...
  Procesando Batch 90/171...
  Procesando Batch 100/171...
  Procesando Batch 110/171...
  Procesando Batch 120/171...
  Procesando Batch 130/171...
  Procesando Batch 140/171...
  Procesando Batch 150/171...
  Procesando Batch 160/171...
  Procesando Batch 170/171...
[OK] Extracción completada en 108.5s. Total Muestras: 5461

[*] Fragmentando Espacio Latente en Gallery / Queries...
  Total Gallery: 2166 muestras.

================================================================================
 MATRIZ DE DEGRADACION ANGULAR (RANK-1 %)
================================================================================

--- Prueba: NM (Normal Walking) (1100 Probes) ---
> Promedio Condición | Rank-1: 99.2% | Rank-5: 99.8% | Rank-10: 99.8% | mAP: 66.3%
000°: 99.0% | 018°: 100.0% | 036°: 98.0% | 054°: 99.0% | 072°: 100.0% | 090°: 99.0% | 108°: 98.0% | 126°: 100.0% | 144°: 98.0% | 162°: 100.0% | 180°: 100.0%

  [Análisis de Fallos Clínicos - Las 5 peores inferencias MinP]
   -> Probe: Sujeto 093, nm-06, Ángulo 090 | Precisión lograda: 8.5%
   -> Probe: Sujeto 120, nm-06, Ángulo 108 | Precisión lograda: 11.1%
   -> Probe: Sujeto 112, nm-05, Ángulo 018 | Precisión lograda: 11.4%
   -> Probe: Sujeto 088, nm-06, Ángulo 018 | Precisión lograda: 11.5%
   -> Probe: Sujeto 075, nm-06, Ángulo 144 | Precisión lograda: 12.8%

--- Prueba: BG (Bag Oclusion) (1095 Probes) ---
> Promedio Condición | Rank-1: 76.3% | Rank-5: 84.7% | Rank-10: 88.1% | mAP: 48.3%
000°: 78.0% | 018°: 78.8% | 036°: 79.8% | 054°: 85.7% | 072°: 64.0% | 090°: 64.0% | 108°: 68.0% | 126°: 80.0% | 144°: 79.0% | 162°: 83.8% | 180°: 79.0%

  [Análisis de Fallos Clínicos - Las 5 peores inferencias MinP]
   -> Probe: Sujeto 111, bg-01, Ángulo 090 | Precisión lograda: 1.3%
   -> Probe: Sujeto 111, bg-02, Ángulo 090 | Precisión lograda: 1.4%
   -> Probe: Sujeto 109, bg-02, Ángulo 180 | Precisión lograda: 1.5%
   -> Probe: Sujeto 113, bg-02, Ángulo 090 | Precisión lograda: 1.6%
   -> Probe: Sujeto 098, bg-02, Ángulo 180 | Precisión lograda: 1.6%

--- Prueba: CL (Coat Appearance) (1100 Probes) ---
> Promedio Condición | Rank-1: 45.5% | Rank-5: 59.8% | Rank-10: 67.9% | mAP: 31.7%
000°: 31.0% | 018°: 33.0% | 036°: 47.0% | 054°: 58.0% | 072°: 65.0% | 090°: 56.0% | 108°: 55.0% | 126°: 48.0% | 144°: 45.0% | 162°: 34.0% | 180°: 29.0%

  [Análisis de Fallos Clínicos - Las 5 peores inferencias MinP]
   -> Probe: Sujeto 109, cl-01, Ángulo 180 | Precisión lograda: 0.7%
   -> Probe: Sujeto 109, cl-02, Ángulo 180 | Precisión lograda: 0.8%
   -> Probe: Sujeto 109, cl-01, Ángulo 000 | Precisión lograda: 0.8%
   -> Probe: Sujeto 109, cl-02, Ángulo 162 | Precisión lograda: 1.1%
   -> Probe: Sujeto 109, cl-02, Ángulo 000 | Precisión lograda: 1.2%

============================================================
 VEREDICTO FINAL DE TOPOLOGIA VOLUMETRICA
============================================================
Baseline Temporal (Antiguo): mAP 29.23%
Modelo Volumétrico Actual:   mAP 48.74%

[OK] CRECIMIENTO ESTADISTICO CONFIRMADO.
La transición a Tensión Temporal [T, C, H, W] y Dual Pooling superó exitosamente
las deficiencias del ResNet-18 estático. La tesis es matemáticamente sólida.
