Device: cuda
GPU: NVIDIA GeForce RTX 3060 Ti
Dataset Root: C:/output

============================================================
 INICIANDO EVALUACI”N EXHAUSTIVA CASIA-B - FASE: HYBRID
============================================================
[X] ERROR CRÕTICO: No se encontrů models/hybrid_model_final_PRO.pth
Device: cuda
GPU: NVIDIA GeForce RTX 3060 Ti
Dataset Root: C:/output

============================================================
 INICIANDO EVALUACI”N EXHAUSTIVA CASIA-B - FASE: HYBRID
============================================================
[OK] Modelo Hibrido cargado desde: models/hybrid_model_final_PRO.pth

[+] Preparando Dataset de Prueba (Open-Set Retrieval: 50 Sujetos No Vistos)

[Dataset Supervised Volumťtrico] Rango: 075-124 (50 sujetos)
Ńngulos: ['000', '018', '036', '054', '072', '090', '108', '126', '144', '162', '180']
  Secuencias Totales de P(Id) disponibles: 5461, Clases Aprobadas: 50
[*] Iniciando Extracciůn de Vectores Biomťticos...
  Procesando Batch 10/171...
  Procesando Batch 20/171...
  Procesando Batch 30/171...
  Procesando Batch 40/171...
  Procesando Batch 50/171...
  Procesando Batch 60/171...
  Procesando Batch 70/171...
  Procesando Batch 80/171...
  Procesando Batch 90/171...
  Procesando Batch 100/171...
  Procesando Batch 110/171...
  Procesando Batch 120/171...
  Procesando Batch 130/171...
  Procesando Batch 140/171...
  Procesando Batch 150/171...
  Procesando Batch 160/171...
  Procesando Batch 170/171...
[OK] Extracciůn completada en 76.1s. Total Muestras: 5461

[*] Fragmentando Espacio Latente en Gallery / Queries...
  Total Gallery: 2166 muestras.

================================================================================
 MATRIZ DE DEGRADACION ANGULAR (RANK-1 %)
================================================================================

--- Prueba: NM (Normal Walking) (1100 Probes) ---
> Promedio Condiciůn | Rank-1: 99.4% | Rank-5: 99.9% | Rank-10: 99.9% | mAP: 75.9%
000į: 98.0% | 018į: 100.0% | 036į: 99.0% | 054į: 99.0% | 072į: 99.0% | 090į: 99.0% | 108į: 99.0% | 126į: 99.0% | 144į: 99.0% | 162į: 99.0% | 180į: 98.0%

  [AnŠlisis de Fallos ClŪnicos - Las 5 peores inferencias MinP]
   -> Probe: Sujeto 120, nm-06, Ńngulo 108 | Precisiůn lograda: 12.0%
   -> Probe: Sujeto 095, nm-05, Ńngulo 180 | Precisiůn lograda: 12.1%
   -> Probe: Sujeto 075, nm-06, Ńngulo 144 | Precisiůn lograda: 16.0%
   -> Probe: Sujeto 093, nm-06, Ńngulo 090 | Precisiůn lograda: 16.1%
   -> Probe: Sujeto 113, nm-06, Ńngulo 090 | Precisiůn lograda: 17.9%

--- Prueba: BG (Bag Oclusion) (1095 Probes) ---
> Promedio Condiciůn | Rank-1: 77.8% | Rank-5: 85.8% | Rank-10: 88.9% | mAP: 57.1%
000į: 78.0% | 018į: 76.8% | 036į: 77.8% | 054į: 84.7% | 072į: 67.0% | 090į: 59.0% | 108į: 67.0% | 126į: 74.0% | 144į: 79.0% | 162į: 81.8% | 180į: 76.0%

  [AnŠlisis de Fallos ClŪnicos - Las 5 peores inferencias MinP]
   -> Probe: Sujeto 111, bg-01, Ńngulo 090 | Precisiůn lograda: 1.3%
   -> Probe: Sujeto 111, bg-02, Ńngulo 090 | Precisiůn lograda: 1.4%
   -> Probe: Sujeto 109, bg-02, Ńngulo 180 | Precisiůn lograda: 1.5%
   -> Probe: Sujeto 113, bg-02, Ńngulo 090 | Precisiůn lograda: 1.6%
   -> Probe: Sujeto 098, bg-02, Ńngulo 180 | Precisiůn lograda: 1.6%

--- Prueba: CL (Coat Appearance) (1100 Probes) ---
> Promedio Condiciůn | Rank-1: 52.8% | Rank-5: 63.2% | Rank-10: 67.4% | mAP: 37.8%
000į: 35.0% | 018į: 41.0% | 036į: 52.0% | 054į: 55.0% | 072į: 63.0% | 090į: 62.0% | 108į: 55.0% | 126į: 52.0% | 144į: 44.0% | 162į: 31.0% | 180į: 30.0%

  [AnŠlisis de Fallos ClŪnicos - Las 5 peores inferencias MinP]
   -> Probe: Sujeto 109, cl-01, Ńngulo 180 | Precisiůn lograda: 0.7%
   -> Probe: Sujeto 109, cl-02, Ńngulo 180 | Precisiůn lograda: 0.8%
   -> Probe: Sujeto 109, cl-01, Ńngulo 000 | Precisiůn lograda: 0.8%
   -> Probe: Sujeto 109, cl-02, Ńngulo 162 | Precisiůn lograda: 1.1%
   -> Probe: Sujeto 109, cl-02, Ńngulo 000 | Precisiůn lograda: 1.2%

============================================================
 VEREDICTO FINAL DE TOPOLOGIA VOLUMETRICA
============================================================
Baseline Temporal (Antiguo): mAP 29.23%
Modelo Volumťtrico Actual:   mAP 56.94%

[OK] CRECIMIENTO ESTADISTICO CONFIRMADO.
La transiciůn a Tensiůn Temporal [T, C, H, W] y Dual Pooling superů exitosamente
las deficiencias del ResNet-18 estŠtico. La tesis es matemŠticamente sůlida.
Device: cuda
GPU: NVIDIA GeForce RTX 3060 Ti
Dataset Root: C:/output

============================================================
 INICIANDO EVALUACI”N EXHAUSTIVA CASIA-B - FASE: HYBRID
============================================================
[OK] Modelo Hibrido cargado desde: models/hybrid_model_final_PRO.pth

[+] Preparando Dataset de Prueba (Open-Set Retrieval: 50 Sujetos No Vistos)

[Dataset Supervised Volumťtrico] Rango: 075-124 (50 sujetos)
Ńngulos: ['000', '018', '036', '054', '072', '090', '108', '126', '144', '162', '180']
  Secuencias Totales de P(Id) disponibles: 5461, Clases Aprobadas: 50
[*] Iniciando Extracciůn de Vectores Biomťticos...
  Procesando Batch 10/171...
  Procesando Batch 20/171...
  Procesando Batch 30/171...
  Procesando Batch 40/171...
  Procesando Batch 50/171...
  Procesando Batch 60/171...
  Procesando Batch 70/171...
  Procesando Batch 80/171...
  Procesando Batch 90/171...
  Procesando Batch 100/171...
  Procesando Batch 110/171...
  Procesando Batch 120/171...
  Procesando Batch 130/171...
  Procesando Batch 140/171...
  Procesando Batch 150/171...
  Procesando Batch 160/171...
  Procesando Batch 170/171...
[OK] Extracciůn completada en 76.5s. Total Muestras: 5461

[*] Fragmentando Espacio Latente en Gallery / Queries...
  Total Gallery: 2166 muestras.

================================================================================
 MATRIZ DE DEGRADACION ANGULAR (RANK-1 %)
================================================================================

--- Prueba: NM (Normal Walking) (1100 Probes) ---
> Promedio Condiciůn | Rank-1: 99.4% | Rank-5: 99.9% | Rank-10: 99.9% | mAP: 75.9%
000į: 98.0% | 018į: 100.0% | 036į: 99.0% | 054į: 99.0% | 072į: 99.0% | 090į: 99.0% | 108į: 99.0% | 126į: 99.0% | 144į: 99.0% | 162į: 99.0% | 180į: 98.0%

  [AnŠlisis de Fallos ClŪnicos - Las 5 peores inferencias MinP]
   -> Probe: Sujeto 120, nm-06, Ńngulo 108 | Precisiůn lograda: 12.0%
   -> Probe: Sujeto 095, nm-05, Ńngulo 180 | Precisiůn lograda: 12.1%
   -> Probe: Sujeto 075, nm-06, Ńngulo 144 | Precisiůn lograda: 16.0%
   -> Probe: Sujeto 093, nm-06, Ńngulo 090 | Precisiůn lograda: 16.1%
   -> Probe: Sujeto 113, nm-06, Ńngulo 090 | Precisiůn lograda: 17.9%

--- Prueba: BG (Bag Oclusion) (1095 Probes) ---
> Promedio Condiciůn | Rank-1: 77.8% | Rank-5: 85.8% | Rank-10: 88.9% | mAP: 57.1%
000į: 78.0% | 018į: 76.8% | 036į: 77.8% | 054į: 84.7% | 072į: 67.0% | 090į: 59.0% | 108į: 67.0% | 126į: 74.0% | 144į: 79.0% | 162į: 81.8% | 180į: 76.0%

  [AnŠlisis de Fallos ClŪnicos - Las 5 peores inferencias MinP]
   -> Probe: Sujeto 111, bg-01, Ńngulo 090 | Precisiůn lograda: 1.3%
   -> Probe: Sujeto 111, bg-02, Ńngulo 090 | Precisiůn lograda: 1.4%
   -> Probe: Sujeto 109, bg-02, Ńngulo 180 | Precisiůn lograda: 1.5%
   -> Probe: Sujeto 113, bg-02, Ńngulo 090 | Precisiůn lograda: 1.6%
   -> Probe: Sujeto 098, bg-02, Ńngulo 180 | Precisiůn lograda: 1.6%

--- Prueba: CL (Coat Appearance) (1100 Probes) ---
> Promedio Condiciůn | Rank-1: 52.8% | Rank-5: 63.2% | Rank-10: 67.4% | mAP: 37.8%
000į: 35.0% | 018į: 41.0% | 036į: 52.0% | 054į: 55.0% | 072į: 63.0% | 090į: 62.0% | 108į: 55.0% | 126į: 52.0% | 144į: 44.0% | 162į: 31.0% | 180į: 30.0%

  [AnŠlisis de Fallos ClŪnicos - Las 5 peores inferencias MinP]
   -> Probe: Sujeto 109, cl-01, Ńngulo 180 | Precisiůn lograda: 0.7%
   -> Probe: Sujeto 109, cl-02, Ńngulo 180 | Precisiůn lograda: 0.8%
   -> Probe: Sujeto 109, cl-01, Ńngulo 000 | Precisiůn lograda: 0.8%
   -> Probe: Sujeto 109, cl-02, Ńngulo 162 | Precisiůn lograda: 1.1%
   -> Probe: Sujeto 109, cl-02, Ńngulo 000 | Precisiůn lograda: 1.2%

============================================================
 VEREDICTO FINAL DE TOPOLOGIA VOLUMETRICA
============================================================
Baseline Temporal (Antiguo): mAP 29.23%
Modelo Volumťtrico Actual:   mAP 56.94%

[OK] CRECIMIENTO ESTADISTICO CONFIRMADO.
La transiciůn a Tensiůn Temporal [T, C, H, W] y Dual Pooling superů exitosamente
las deficiencias del ResNet-18 estŠtico. La tesis es matemŠticamente sůlida.
