Device: cuda
GPU: NVIDIA GeForce RTX 3060 Ti
Dataset Root: C:/output

[+] INICIANDO ENTRENAMIENTO HÍBRIDO (VOLUMÉTRICO)


[Dataset Supervised Volumétrico] Rango: 001-074 (74 sujetos)
Ángulos: ['000', '018', '036', '054', '072', '090', '108', '126', '144', '162', '180']
  Secuencias Totales de P(Id) disponibles: 8067, Clases Aprobadas: 74

[Dataset Supervised Volumétrico] Rango: 065-074 (10 sujetos)
Ángulos: ['000', '018', '036', '054', '072', '090', '108', '126', '144', '162', '180']
  Secuencias Totales de P(Id) disponibles: 1078, Clases Aprobadas: 10

Clases (P limitadas por Set) en train: 74

[OK] EXITO: Pesos SUPERVISADOS (Fase 2) inyectados en el Hibrido.
    El modelo arranca heredando el conocimiento Clasificador + SSL previo.
[*] Pérdida métrica configurada: Circle Loss (m=0.25, gamma=80)

--- COMENZANDO CICLO DE ENTRENAMIENTO (OPEN-SET ACTIVADO) ---
Epoch  1/40 | L_CE: 0.042 | L_Trip: 9.450 | Hard Triplets: 0.0% | Time: 158.0s
Epoch  2/40 | L_CE: 0.041 | L_Trip: 7.175 | Hard Triplets: 0.0% | Time: 148.7s
Epoch  3/40 | L_CE: 0.036 | L_Trip: 6.054 | Hard Triplets: 0.0% | Time: 147.6s
Epoch  4/40 | L_CE: 0.027 | L_Trip: 5.027 | Hard Triplets: 0.0% | Time: 144.0s
Epoch  5/40 | L_CE: 0.022 | L_Trip: 4.457 | Hard Triplets: 0.0% | Time: 142.2s
  -> Mini-Val Signal | Rank-1: 100.0% | mAP: 100.0%
Epoch  6/40 | L_CE: 0.023 | L_Trip: 4.027 | Hard Triplets: 0.0% | Time: 146.6s
Epoch  7/40 | L_CE: 0.018 | L_Trip: 3.439 | Hard Triplets: 0.0% | Time: 142.7s
Epoch  8/40 | L_CE: 0.017 | L_Trip: 3.138 | Hard Triplets: 0.0% | Time: 143.0s
Epoch  9/40 | L_CE: 0.014 | L_Trip: 2.787 | Hard Triplets: 0.0% | Time: 142.7s
Epoch 10/40 | L_CE: 0.012 | L_Trip: 2.517 | Hard Triplets: 0.0% | Time: 142.8s
  -> Mini-Val Signal | Rank-1: 100.0% | mAP: 100.0%
Epoch 11/40 | L_CE: 0.012 | L_Trip: 2.237 | Hard Triplets: 0.0% | Time: 144.1s
Epoch 12/40 | L_CE: 0.011 | L_Trip: 2.062 | Hard Triplets: 0.0% | Time: 143.9s
Epoch 13/40 | L_CE: 0.010 | L_Trip: 1.885 | Hard Triplets: 0.0% | Time: 144.1s
Epoch 14/40 | L_CE: 0.010 | L_Trip: 1.842 | Hard Triplets: 0.0% | Time: 142.9s
Epoch 15/40 | L_CE: 0.010 | L_Trip: 1.689 | Hard Triplets: 0.0% | Time: 149.0s
  -> Mini-Val Signal | Rank-1: 100.0% | mAP: 100.0%
Epoch 16/40 | L_CE: 0.007 | L_Trip: 1.390 | Hard Triplets: 0.0% | Time: 148.4s
Epoch 17/40 | L_CE: 0.006 | L_Trip: 1.353 | Hard Triplets: 0.0% | Time: 147.1s
Epoch 18/40 | L_CE: 0.007 | L_Trip: 1.180 | Hard Triplets: 0.0% | Time: 150.8s
Epoch 19/40 | L_CE: 0.007 | L_Trip: 1.082 | Hard Triplets: 0.0% | Time: 142.3s
Epoch 20/40 | L_CE: 0.006 | L_Trip: 1.042 | Hard Triplets: 0.0% | Time: 142.0s
  -> Mini-Val Signal | Rank-1: 100.0% | mAP: 100.0%
Epoch 21/40 | L_CE: 0.004 | L_Trip: 0.872 | Hard Triplets: 0.0% | Time: 142.3s
Epoch 22/40 | L_CE: 0.005 | L_Trip: 0.823 | Hard Triplets: 0.0% | Time: 143.7s
Epoch 23/40 | L_CE: 0.005 | L_Trip: 0.745 | Hard Triplets: 0.0% | Time: 143.3s
Epoch 24/40 | L_CE: 0.005 | L_Trip: 0.678 | Hard Triplets: 0.0% | Time: 141.9s
Epoch 25/40 | L_CE: 0.004 | L_Trip: 0.572 | Hard Triplets: 0.0% | Time: 144.5s
  -> Mini-Val Signal | Rank-1: 100.0% | mAP: 100.0%
Epoch 26/40 | L_CE: 0.004 | L_Trip: 0.588 | Hard Triplets: 0.0% | Time: 141.8s
Epoch 27/40 | L_CE: 0.004 | L_Trip: 0.484 | Hard Triplets: 0.0% | Time: 134.6s
Epoch 28/40 | L_CE: 0.003 | L_Trip: 0.421 | Hard Triplets: 0.0% | Time: 132.2s
Epoch 29/40 | L_CE: 0.005 | L_Trip: 0.420 | Hard Triplets: 0.0% | Time: 131.7s
Epoch 30/40 | L_CE: 0.003 | L_Trip: 0.337 | Hard Triplets: 0.0% | Time: 132.5s
  -> Mini-Val Signal | Rank-1: 100.0% | mAP: 100.0%
Epoch 31/40 | L_CE: 0.004 | L_Trip: 0.361 | Hard Triplets: 0.0% | Time: 131.1s
Epoch 32/40 | L_CE: 0.002 | L_Trip: 0.319 | Hard Triplets: 0.0% | Time: 144.9s
Epoch 33/40 | L_CE: 0.003 | L_Trip: 0.270 | Hard Triplets: 0.0% | Time: 149.4s
Epoch 34/40 | L_CE: 0.002 | L_Trip: 0.230 | Hard Triplets: 0.0% | Time: 127.6s
Epoch 35/40 | L_CE: 0.003 | L_Trip: 0.244 | Hard Triplets: 0.0% | Time: 127.9s
  -> Mini-Val Signal | Rank-1: 100.0% | mAP: 100.0%
Epoch 36/40 | L_CE: 0.003 | L_Trip: 0.209 | Hard Triplets: 0.0% | Time: 129.0s
Epoch 37/40 | L_CE: 0.003 | L_Trip: 0.215 | Hard Triplets: 0.0% | Time: 129.8s
Epoch 38/40 | L_CE: 0.003 | L_Trip: 0.200 | Hard Triplets: 0.0% | Time: 129.8s
Epoch 39/40 | L_CE: 0.002 | L_Trip: 0.167 | Hard Triplets: 0.0% | Time: 129.5s
Epoch 40/40 | L_CE: 0.002 | L_Trip: 0.158 | Hard Triplets: 0.0% | Time: 131.6s
  -> Mini-Val Signal | Rank-1: 100.0% | mAP: 100.0%

[+] ENTRENAMIENTO HÍBRIDO PRO FINALIZADO. Mejor mAP en Seńal Temprana: 100.00%
Device: cuda
GPU: NVIDIA GeForce RTX 3060 Ti
Dataset Root: C:/output

============================================================
 INICIANDO EVALUACIÓN EXHAUSTIVA CASIA-B - FASE: HYBRID
============================================================
[OK] Modelo Hibrido cargado desde: models/hybrid_model_final_Circle.pth

[+] Preparando Dataset de Prueba (Open-Set Retrieval: 50 Sujetos No Vistos)

[Dataset Supervised Volumétrico] Rango: 075-124 (50 sujetos)
Ángulos: ['000', '018', '036', '054', '072', '090', '108', '126', '144', '162', '180']
  Secuencias Totales de P(Id) disponibles: 5461, Clases Aprobadas: 50
[*] Iniciando Extracción de Vectores Biométicos...
  Procesando Batch 10/171...
  Procesando Batch 20/171...
  Procesando Batch 30/171...
  Procesando Batch 40/171...
  Procesando Batch 50/171...
  Procesando Batch 60/171...
  Procesando Batch 70/171...
  Procesando Batch 80/171...
  Procesando Batch 90/171...
  Procesando Batch 100/171...
  Procesando Batch 110/171...
  Procesando Batch 120/171...
  Procesando Batch 130/171...
  Procesando Batch 140/171...
  Procesando Batch 150/171...
  Procesando Batch 160/171...
  Procesando Batch 170/171...
[OK] Extracción completada en 114.4s. Total Muestras: 5461

[*] Fragmentando Espacio Latente en Gallery / Queries...
  Total Gallery: 2166 muestras.

================================================================================
 MATRIZ DE DEGRADACION ANGULAR (RANK-1 %)
================================================================================

--- Prueba: NM (Normal Walking) (1100 Probes) ---
> Promedio Condición | Rank-1: 98.7% | Rank-5: 99.4% | Rank-10: 99.5% | mAP: 66.0%
000°: 99.0% | 018°: 100.0% | 036°: 97.0% | 054°: 99.0% | 072°: 100.0% | 090°: 99.0% | 108°: 98.0% | 126°: 99.0% | 144°: 98.0% | 162°: 99.0% | 180°: 98.0%

  [Análisis de Fallos Clínicos - Las 5 peores inferencias MinP]
   -> Probe: Sujeto 120, nm-06, Ángulo 108 | Precisión lograda: 6.6%
   -> Probe: Sujeto 120, nm-06, Ángulo 126 | Precisión lograda: 10.0%
   -> Probe: Sujeto 094, nm-06, Ángulo 000 | Precisión lograda: 10.4%
   -> Probe: Sujeto 112, nm-05, Ángulo 018 | Precisión lograda: 11.2%
   -> Probe: Sujeto 093, nm-06, Ángulo 090 | Precisión lograda: 11.4%

--- Prueba: BG (Bag Oclusion) (1095 Probes) ---
> Promedio Condición | Rank-1: 74.0% | Rank-5: 83.7% | Rank-10: 87.2% | mAP: 48.0%
000°: 81.0% | 018°: 76.8% | 036°: 79.8% | 054°: 83.7% | 072°: 65.0% | 090°: 58.0% | 108°: 68.0% | 126°: 74.0% | 144°: 77.0% | 162°: 73.7% | 180°: 77.0%

  [Análisis de Fallos Clínicos - Las 5 peores inferencias MinP]
   -> Probe: Sujeto 111, bg-01, Ángulo 090 | Precisión lograda: 1.3%
   -> Probe: Sujeto 111, bg-02, Ángulo 090 | Precisión lograda: 1.5%
   -> Probe: Sujeto 098, bg-01, Ángulo 000 | Precisión lograda: 1.6%
   -> Probe: Sujeto 109, bg-02, Ángulo 180 | Precisión lograda: 1.7%
   -> Probe: Sujeto 113, bg-02, Ángulo 090 | Precisión lograda: 1.8%

--- Prueba: CL (Coat Appearance) (1100 Probes) ---
> Promedio Condición | Rank-1: 46.6% | Rank-5: 60.0% | Rank-10: 65.9% | mAP: 32.6%
000°: 34.0% | 018°: 34.0% | 036°: 44.0% | 054°: 60.0% | 072°: 62.0% | 090°: 55.0% | 108°: 51.0% | 126°: 51.0% | 144°: 48.0% | 162°: 41.0% | 180°: 33.0%

  [Análisis de Fallos Clínicos - Las 5 peores inferencias MinP]
   -> Probe: Sujeto 109, cl-01, Ángulo 180 | Precisión lograda: 0.9%
   -> Probe: Sujeto 078, cl-02, Ángulo 000 | Precisión lograda: 1.1%
   -> Probe: Sujeto 078, cl-01, Ángulo 000 | Precisión lograda: 1.1%
   -> Probe: Sujeto 109, cl-01, Ángulo 000 | Precisión lograda: 1.1%
   -> Probe: Sujeto 112, cl-01, Ángulo 090 | Precisión lograda: 1.2%

============================================================
 VEREDICTO FINAL DE TOPOLOGIA VOLUMETRICA
============================================================
Baseline Temporal (Antiguo): mAP 29.23%
Modelo Volumétrico Actual:   mAP 48.89%

[OK] CRECIMIENTO ESTADISTICO CONFIRMADO.
La transición a Tensión Temporal [T, C, H, W] y Dual Pooling superó exitosamente
las deficiencias del ResNet-18 estático. La tesis es matemáticamente sólida.
Device: cuda
GPU: NVIDIA GeForce RTX 3060 Ti
Dataset Root: C:/output

============================================================
 INICIANDO EVALUACIÓN EXHAUSTIVA CASIA-B - FASE: HYBRID
============================================================
[OK] Modelo Hibrido cargado desde: models/hybrid_model_final_Circle.pth

[+] Preparando Dataset de Prueba (Open-Set Retrieval: 50 Sujetos No Vistos)

[Dataset Supervised Volumétrico] Rango: 075-124 (50 sujetos)
Ángulos: ['000', '018', '036', '054', '072', '090', '108', '126', '144', '162', '180']
  Secuencias Totales de P(Id) disponibles: 5461, Clases Aprobadas: 50
[*] Iniciando Extracción de Vectores Biométicos...
  Procesando Batch 10/171...
  Procesando Batch 20/171...
  Procesando Batch 30/171...
  Procesando Batch 40/171...
  Procesando Batch 50/171...
  Procesando Batch 60/171...
  Procesando Batch 70/171...
  Procesando Batch 80/171...
  Procesando Batch 90/171...
  Procesando Batch 100/171...
  Procesando Batch 110/171...
  Procesando Batch 120/171...
  Procesando Batch 130/171...
  Procesando Batch 140/171...
  Procesando Batch 150/171...
  Procesando Batch 160/171...
  Procesando Batch 170/171...
[OK] Extracción completada en 78.2s. Total Muestras: 5461

[*] Fragmentando Espacio Latente en Gallery / Queries...
  Total Gallery: 2166 muestras.

================================================================================
 MATRIZ DE DEGRADACION ANGULAR (RANK-1 %)
================================================================================

--- Prueba: NM (Normal Walking) (1100 Probes) ---
> Promedio Condición | Rank-1: 98.7% | Rank-5: 99.4% | Rank-10: 99.5% | mAP: 66.0%
000°: 99.0% | 018°: 100.0% | 036°: 97.0% | 054°: 99.0% | 072°: 100.0% | 090°: 99.0% | 108°: 98.0% | 126°: 99.0% | 144°: 98.0% | 162°: 99.0% | 180°: 98.0%

  [Análisis de Fallos Clínicos - Las 5 peores inferencias MinP]
   -> Probe: Sujeto 120, nm-06, Ángulo 108 | Precisión lograda: 6.6%
   -> Probe: Sujeto 120, nm-06, Ángulo 126 | Precisión lograda: 10.0%
   -> Probe: Sujeto 094, nm-06, Ángulo 000 | Precisión lograda: 10.4%
   -> Probe: Sujeto 112, nm-05, Ángulo 018 | Precisión lograda: 11.2%
   -> Probe: Sujeto 093, nm-06, Ángulo 090 | Precisión lograda: 11.4%

--- Prueba: BG (Bag Oclusion) (1095 Probes) ---
> Promedio Condición | Rank-1: 74.0% | Rank-5: 83.7% | Rank-10: 87.2% | mAP: 48.0%
000°: 81.0% | 018°: 76.8% | 036°: 79.8% | 054°: 83.7% | 072°: 65.0% | 090°: 58.0% | 108°: 68.0% | 126°: 74.0% | 144°: 77.0% | 162°: 73.7% | 180°: 77.0%

  [Análisis de Fallos Clínicos - Las 5 peores inferencias MinP]
   -> Probe: Sujeto 111, bg-01, Ángulo 090 | Precisión lograda: 1.3%
   -> Probe: Sujeto 111, bg-02, Ángulo 090 | Precisión lograda: 1.5%
   -> Probe: Sujeto 098, bg-01, Ángulo 000 | Precisión lograda: 1.6%
   -> Probe: Sujeto 109, bg-02, Ángulo 180 | Precisión lograda: 1.7%
   -> Probe: Sujeto 113, bg-02, Ángulo 090 | Precisión lograda: 1.8%

--- Prueba: CL (Coat Appearance) (1100 Probes) ---
> Promedio Condición | Rank-1: 46.6% | Rank-5: 60.0% | Rank-10: 65.9% | mAP: 32.6%
000°: 34.0% | 018°: 34.0% | 036°: 44.0% | 054°: 60.0% | 072°: 62.0% | 090°: 55.0% | 108°: 51.0% | 126°: 51.0% | 144°: 48.0% | 162°: 41.0% | 180°: 33.0%

  [Análisis de Fallos Clínicos - Las 5 peores inferencias MinP]
   -> Probe: Sujeto 109, cl-01, Ángulo 180 | Precisión lograda: 0.9%
   -> Probe: Sujeto 078, cl-02, Ángulo 000 | Precisión lograda: 1.1%
   -> Probe: Sujeto 078, cl-01, Ángulo 000 | Precisión lograda: 1.1%
   -> Probe: Sujeto 109, cl-01, Ángulo 000 | Precisión lograda: 1.1%
   -> Probe: Sujeto 112, cl-01, Ángulo 090 | Precisión lograda: 1.2%

============================================================
 VEREDICTO FINAL DE TOPOLOGIA VOLUMETRICA
============================================================
Baseline Temporal (Antiguo): mAP 29.23%
Modelo Volumétrico Actual:   mAP 48.89%

[OK] CRECIMIENTO ESTADISTICO CONFIRMADO.
La transición a Tensión Temporal [T, C, H, W] y Dual Pooling superó exitosamente
las deficiencias del ResNet-18 estático. La tesis es matemáticamente sólida.
